2025-01-03 21:44:06,446 - INFO - Next execution time : 2025-01-04 04:37:00
2025-01-03 21:44:06,446 - INFO - Waiting 6 hours and 52 minutes before execution.
2025-01-04 04:37:00,193 - INFO - Starting the scheduled task.
2025-01-04 04:37:08,007 - INFO - Accessing the website to download the file.
2025-01-04 04:37:14,273 - INFO - Download in progress...
2025-01-04 09:01:10,625 - INFO - File downloaded successfully.
2025-01-04 09:01:10,761 - INFO - Latest file found : blockchair_bitcoin_addresses_latest (1).tsv.gz
2025-01-04 09:01:16,957 - INFO - File decompressed : /Path/To/Downloads/blockchair_bitcoin_addresses_latest (1).tsv
2025-01-04 09:02:50,107 - INFO - File processed and moved to : ./BTC/WalletsBTC_20250104
2025-01-04 09:02:50,109 - INFO - Task completed.
2025-01-04 09:02:50,109 - INFO - Waiting until tomorrow 4:00 : 18.0 hours and 57.0 minutes.
2025-01-05 04:00:00,358 - INFO - Next execution time : 2025-01-05 05:21:00
2025-01-05 04:00:00,361 - INFO - Waiting 1 hours and 20 minutes before execution.
2025-01-05 05:21:00,011 - INFO - Starting the scheduled task.
2025-01-05 05:21:07,144 - INFO - Accessing the website to download the file.
2025-01-05 05:21:13,497 - INFO - Download in progress...
2025-01-05 09:44:45,724 - INFO - File downloaded successfully.
2025-01-05 09:44:45,846 - INFO - Latest file found : blockchair_bitcoin_addresses_latest (2).tsv.gz
2025-01-05 09:44:52,014 - INFO - File decompressed : /Path/To/Downloads/blockchair_bitcoin_addresses_latest (2).tsv
2025-01-05 09:46:23,726 - INFO - File processed and moved to : ./BTC/WalletsBTC_20250105
2025-01-05 09:46:23,736 - INFO - Task completed.
2025-01-05 09:46:23,736 - INFO - Waiting until tomorrow 4:00 : 18.0 hours and 13.0 minutes.
2025-01-06 21:17:39,729 - INFO - Next execution time : 2025-01-07 05:19:00
2025-01-06 21:17:39,730 - INFO - Waiting 8 hours and 1 minutes before execution.
2025-01-07 05:19:00,263 - INFO - Starting the scheduled task.
2025-01-07 05:19:06,020 - INFO - Accessing the website to download the file.
2025-01-07 05:19:13,007 - INFO - Download in progress...
2025-01-07 09:42:57,998 - INFO - File downloaded successfully.
2025-01-07 09:42:58,135 - INFO - Latest file found : blockchair_bitcoin_addresses_latest (3).tsv.gz
2025-01-07 09:43:04,490 - INFO - File decompressed : /Users/arthurbarraud/Downloads/blockchair_bitcoin_addresses_latest (3).tsv
2025-01-07 09:44:37,568 - INFO - File processed and moved to : ./BTC/WalletsBTC_20250107
2025-01-07 09:44:37,578 - INFO - Task completed.
2025-01-07 09:44:37,578 - INFO - Waiting until tomorrow 4:00 : 18.0 hours and 15.0 minutes.
